<?xml version="1.0" encoding="UTF-8"?>
<!-- Generated by org.testng.reporters.JUnitReportReporter -->
<testsuite hostname="rhel61-server5.testrelm" name="com.redhat.qe.ipa21.tests.group.GroupTests" tests="2" failures="0" timestamp="6 Jun 2011 15:25:24 GMT" time="9.129" errors="0">
  <testcase name="testGroupadd" time="7.011" classname="com.redhat.qe.ipa21.tests.group.GroupTests"/>
  <testcase name="testGroupadd" time="2.118" classname="com.redhat.qe.ipa21.tests.group.GroupTests"/>
</testsuite>
