<?xml version="1.0" encoding="UTF-8"?>
<!-- Generated by org.testng.reporters.JUnitReportReporter -->
<testsuite hostname="rhel61-server5.testrelm" name="com.redhat.qe.ipa21.tests.group.GroupAdd" tests="2" failures="0" timestamp="3 Jun 2011 17:01:39 GMT" time="11.266" errors="0">
  <testcase name="testGroupadd" time="2.074" classname="com.redhat.qe.ipa21.tests.group.GroupAdd"/>
  <testcase name="testGroupadd" time="9.192" classname="com.redhat.qe.ipa21.tests.group.GroupAdd"/>
</testsuite>
